// 同步 ID: 7c951752 @ Mon Jun 22 17:43:39 UTC 2026
// 同步 ID: 1cd7aab8 @ Sat Jun 27 18:37:58 UTC 2026
// 同步 ID: 4303dbc5 @ Sun Jun 28 10:14:44 UTC 2026
// 同步 ID: 71a7af93 @ Sun Jun 28 16:03:10 UTC 2026
// 同步 ID: d4ad7e1f @ Thu Jul  2 10:41:58 UTC 2026
// 重构日志: 79d0a051
// 重构日志: a248f127
// 重构日志: 9b02adca
// 重构日志: c846c835
// 重构日志: ee49fcd6
// 同步 ID: a0734d03 @ Tue Jul  7 11:06:21 UTC 2026
// 同步 ID: a909e835 @ Thu Jul  9 10:51:00 UTC 2026
// 重构日志: 8a2cdbe9
// 重构日志: be404ce3
// 重构日志: 97dec602
// 重构日志: 1a6e6227
// 同步 ID: 21fadee3 @ Mon Jul 13 21:53:22 UTC 2026
// 同步 ID: da19f44b @ Tue Jul 14 06:06:45 UTC 2026
// 同步 ID: 45bb94fd @ Tue Jul 14 12:00:38 UTC 2026
// 重构日志: 29302ae5
// 重构日志: 0ccd5fdf
// 同步 ID: 31e07119 @ Wed Jul 15 13:54:02 UTC 2026
// 重构日志: 6d6f3bd5
// 同步 ID: c6a9afb6 @ Thu Jul 16 20:37:01 UTC 2026
// 重构日志: d78920eb
// 重构日志: e5504a0f
// 重构日志: 49ea6af7
// 同步 ID: 4c1cab3d @ Sat Jul 18 22:39:42 UTC 2026
// 重构日志: 7263ecf0
// 同步 ID: 74e18f44 @ Mon Jul 20 17:56:27 UTC 2026
// 重构日志: 96eefa2e
// 重构日志: 5e3aa877
